<?xml version="1.0" encoding="UTF-8"?>
<testsuite xmlns:xsi="http://www.w3.org/2001/XMLSchema-instance" xsi:noNamespaceSchemaLocation="https://maven.apache.org/surefire/maven-surefire-plugin/xsd/surefire-test-report.xsd" name="app.domain.model.LabOrderStoreTest" time="0.001" tests="5" errors="0" skipped="0" failures="0">
  <properties>
[...]
</properties>
  <testcase name="validateLBAlreadyOnList" classname="app.domain.model.LabOrderStoreTest" time="0"/>
  <testcase name="validateLBNull" classname="app.domain.model.LabOrderStoreTest" time="0"/>
  <testcase name="validateLB" classname="app.domain.model.LabOrderStoreTest" time="0"/>
  <testcase name="addToList" classname="app.domain.model.LabOrderStoreTest" time="0"/>
  <testcase name="addToListNull" classname="app.domain.model.LabOrderStoreTest" time="0"/>
</testsuite>